1 2 29.07023221
1 3 39.04267915
1 4 37.60213689
1 5 49.68055204
1 6 13.74312765
1 7 39.64986874
1 8 42.82647092
1 9 48.97467355
1 10 41.76249531
1 11 43.27398975
1 12 38.13029875
1 13 55.60939727
1 14 46.28407529
1 15 55.04191248
1 16 46.19736578
1 17 36.81004512
1 18 59.92369185
1 19 65.21429633
1 20 54.7436288
1 21 44.93704731
1 22 56.69095916
1 23 60.87596069
1 24 53.8921175
1 25 51.58469079
2 3 47.9786241
2 4 47.79256361
2 5 60.62835394
2 6 35.08488494
2 7 53.69165507
2 8 53.10439022
2 9 59.65119878
2 10 52.87915358
2 11 61.85434052
2 12 54.37608532
2 13 68.1344552
2 14 57.81214321
2 15 66.4688612
2 16 63.11196247
2 17 53.21232848
2 18 73.7212427
2 19 78.06928192
2 20 67.2404596
2 21 61.61351151
2 22 72.67757847
2 23 74.83320459
2 24 67.21588021
2 25 64.56082714
3 4 19.64722896
3 5 36.69150014
3 6 43.28818357
3 7 57.9651362
3 8 26.86172793
3 9 33.73906785
3 10 29.36580191
3 11 63.63725888
3 12 52.02876727
3 13 50.59374818
3 14 35.72436102
3 15 44.07436588
3 16 59.41407686
3 17 48.21386604
3 18 59.90672816
3 19 60.74946384
3 20 48.61035448
3 21 56.80552207
3 22 65.90431717
3 23 61.26457016
3 24 51.44344297
3 25 47.57886862
4 5 27.41213083
4 6 41.61758445
4 7 56.47679597
4 8 25.21521404
4 9 25.13036569
4 10 20.55028073
4 11 60.9970697
4 12 49.04819449
4 13 45.64947446
4 14 28.27058248
4 15 35.89187663
4 16 55.76825803
4 17 44.36125271
4 18 54.41244586
4 19 54.20282544
4 20 41.51715265
4 21 52.89141612
4 22 61.6108232
4 23 55.50382817
4 24 45.11350836
4 25 40.89833784
5 6 53.50743019
5 7 68.78221877
5 8 40.51381943
5 9 37.82121246
5 10 23.06832536
5 11 72.00033085
5 12 60.01464711
5 13 56.04416083
5 14 35.43741934
5 15 39.91679516
5 16 65.72730437
5 17 54.14645474
5 18 62.67894567
5 19 60.93953238
5 20 46.99437522
5 21 62.49929135
5 22 70.80639424
5 23 62.94143542
5 24 51.71913376
5 25 46.89235771
6 7 41.82141157
6 8 46.53862273
6 9 52.76068346
6 10 45.4806018
6 11 43.2015042
6 12 39.22922085
6 13 58.53025404
6 14 49.75495061
6 15 58.61516736
6 16 47.49717779
6 17 38.23486833
6 18 62.43546283
6 19 68.1619425
6 20 57.86723448
6 21 46.46755099
6 22 58.39040577
6 23 63.38588717
6 24 56.67171669
6 25 54.51378393
7 8 59.50772509
7 9 67.47737598
7 10 60.69622275
7 11 65.25690299
7 12 53.19878028
7 13 72.50071987
7 14 64.73599942
7 15 73.89183777
7 16 66.70614519
7 17 56.5424371
7 18 78.55075981
7 19 84.03250154
7 20 73.71681524
7 21 65.70617004
7 22 76.74717705
7 23 80.10307837
7 24 73.01545413
7 25 70.67845407
8 9 35.95727379
8 10 32.46469121
8 11 65.83291038
8 12 52.81152675
8 13 47.40969043
8 14 36.66715332
8 15 46.51601447
8 16 61.05954487
8 17 49.64073843
8 18 60.44611274
8 19 61.98689672
8 20 50.4802678
8 21 58.49938676
8 22 67.43683306
8 23 62.63767791
8 24 53.00607202
8 25 49.34130271
9 10 28.87034965
9 11 71.4330316
9 12 59.08355229
9 13 53.53486097
9 14 34.06018171
9 15 43.44690751
9 16 65.54163964
9 17 53.96945711
9 18 62.76244021
9 19 62.07772401
9 20 49.57112811
9 21 62.53301186
9 22 71.00814641
9 23 64.06194036
9 24 53.45294223
9 25 49.18775092
10 11 63.63956366
10 12 51.51693633
10 13 46.89757863
10 14 25.0273227
10 15 29.16046882
10 16 57.03331469
10 17 45.37931115
10 18 53.33237817
10 19 51.20571654
10 20 37.16136811
10 21 53.72181485
10 22 61.90118778
10 23 53.55502315
10 24 42.15838316
10 25 37.24989016
11 12 51.38607517
11 13 74.81197749
11 14 67.21410469
11 15 76.24917619
11 16 54.31785221
11 17 46.09864323
11 18 75.952046
11 19 83.33379899
11 20 73.65193719
11 21 55.18304143
11 22 67.67547653
11 23 76.54654244
11 24 71.0057126
11 25 69.46243654
12 13 58.67886821
12 14 54.46853761
12 15 64.03203484
12 16 47.85914236
12 17 36.14133955
12 18 62.63563136
12 19 70.98554302
12 20 61.68848546
12 21 48.19725536
12 22 58.7802093
12 23 65.1675631
12 24 59.39287696
12 25 57.78294495
13 14 45.98591954
13 15 59.00109089
13 16 67.53599906
13 17 55.14100136
13 18 59.99590264
13 19 67.2734031
13 20 59.07221051
13 21 65.07636073
13 22 73.33130209
13 23 67.7547399
13 24 59.45460963
13 25 56.96731782
14 15 35.48307521
14 16 60.03427304
14 17 48.14915645
14 18 54.02702264
14 19 51.70467412
14 20 40.7145637
14 21 56.74038829
14 22 64.71940903
14 23 55.97131299
14 24 44.97010071
14 25 40.84048536
15 16 69.0636202
15 17 57.2999662
15 18 64.30207494
15 19 61.01584691
15 20 46.13247126
15 21 65.57705941
15 22 73.52480924
15 23 64.21920016
15 24 52.37911991
15 25 47.28711143
16 17 26.36054488
16 18 64.24508208
16 19 73.28204415
16 20 64.19165903
16 21 35.52803345
16 22 48.9760499
16 23 63.72520659
16 24 59.70354382
16 25 58.91606434
17 18 50.41524185
17 19 60.87258336
17 20 52.14293568
17 21 27.83746692
17 22 36.96552879
17 23 51.00359898
17 24 47.47313108
17 25 46.8385156
18 19 60.71169923
18 20 56.81550252
18 21 60.93872068
18 22 66.99044942
18 23 55.06465324
18 24 51.48505224
18 25 51.90594581
19 20 48.46587899
19 21 69.04902087
19 22 75.7346839
19 23 61.08594884
19 24 48.10777451
19 25 46.44172455
20 21 59.79175568
20 22 66.79006321
20 23 53.00090411
20 24 38.1177467
20 25 30.92867445
21 22 41.78986208
21 23 58.45241332
21 24 54.50342207
21 25 53.92771733
22 23 62.64626877
22 24 60.62596085
22 25 60.50824023
23 24 41.81450715
23 25 44.60283141
24 25 27.88843985
